INFO:sim:172 - Generating IP...
Resolving generics for 'mydcm'...
Applying external generics to 'mydcm'...
Delivering associated files for 'mydcm'...
WARNING:sim - Component clk_wiz_v3_6 does not have a valid model name for VHDL
   synthesis
Delivering EJava files for 'mydcm'...
Delivered 3 files into directory
C:/vhdl_stuff/loopback2/ipcore_dir/tmp/_cg/mydcm
Delivered 1 file into directory C:/vhdl_stuff/loopback2/ipcore_dir/tmp/_cg/mydcm
Generating ASY schematic symbol...
Loading device for application Rf_Device from file '6slx9.nph' in environment
C:\Xilinx\14.7\ISE_DS\ISE\.
INFO:sim:949 - Finished generation of ASY schematic symbol.
Generating SYM schematic symbol for 'mydcm'...
Generating ISE project...
XCO file found: mydcm.xco
XMDF file found: mydcm_xmdf.tcl
Adding C:/vhdl_stuff/loopback2/ipcore_dir/tmp/_cg/mydcm.asy -view all
-origin_type imported
Adding C:/vhdl_stuff/loopback2/ipcore_dir/tmp/_cg/mydcm.ucf -view all
-origin_type created
Adding C:/vhdl_stuff/loopback2/ipcore_dir/tmp/_cg/mydcm.vhd -view all
-origin_type created
INFO:HDLCompiler:1061 - Parsing VHDL file
   "C:/vhdl_stuff/loopback2/ipcore_dir/tmp/_cg/mydcm.vhd" into library work
INFO:ProjectMgmt - Parsing design hierarchy completed successfully.
Adding C:/vhdl_stuff/loopback2/ipcore_dir/tmp/_cg/mydcm.vho -view all
-origin_type imported
INFO:TclTasksC:2116 - The automatic calculation of top has been turned-off.
   Please set the new top explicitly by running the "project set top" command.
   To re-calculate the new top automatically, set the "Auto Implementation Top"
   property to true.
Top level has been set to "/mydcm"
Generating README file...
Generating FLIST file...
INFO:sim:948 - Finished FLIST file generation.
Launching README viewer...
Moving files to output directory...
Finished moving files to output directory
Wrote CGP file for project 'mydcm'.
